import time: self [us] | cumulative | imported package
import time:       136 |        136 |   _io
import time:        31 |         31 |   marshal
import time:       266 |        266 |   posix
import time:       523 |        954 | _frozen_importlib_external
import time:        79 |         79 |   time
import time:       207 |        285 | zipimport
import time:        41 |         41 |     _codecs
import time:       466 |        507 |   codecs
import time:       308 |        308 |   encodings.aliases
import time:       414 |       1228 | encodings
import time:       141 |        141 | encodings.utf_8
import time:        78 |         78 | _signal
import time:        27 |         27 |       _abc
import time:       136 |        163 |     abc
import time:        34 |         34 |       _stat
import time:        98 |        131 |     stat
import time:       762 |        762 |     _collections_abc
import time:        48 |         48 |       errno
import time:        90 |         90 |       genericpath
import time:       165 |        302 |     posixpath
import time:       526 |       1882 |   os
import time:        97 |         97 |   _sitebuiltins
import time:       147 |        147 |   sitecustomize
import time:       528 |       2652 | site
import time:       223 |        223 | linecache
import time:        91 |         91 |   app
import time:       147 |        147 |       itertools
import time:       165 |        165 |       keyword
import time:        62 |         62 |         _operator
import time:       324 |        385 |       operator
import time:       157 |        157 |       reprlib
import time:        56 |         56 |       _collections
import time:      1043 |       1951 |     collections
import time:        30 |         30 |         _types
import time:       220 |        250 |       types
import time:        47 |         47 |       _functools
import time:       585 |        881 |     functools
import time:       649 |       3480 |   contextlib
import time:       101 |        101 |     starlette
import time:       112 |        112 |       __future__
import time:        27 |         27 |           _contextvars
import time:       344 |        371 |         _py_warnings
import time:       137 |        507 |       warnings
import time:       195 |        813 |     starlette.status
import time:      1257 |       1257 |       enum
import time:       147 |        147 |         copyreg
import time:        42 |         42 |         _typing
import time:      2097 |       2286 |       typing
import time:       129 |        129 |         annotated_doc.main
import time:       146 |        275 |       annotated_doc
import time:       105 |        105 |           email
import time:       255 |        255 |           binascii
import time:        52 |         52 |               _sre
import time:       914 |        914 |                 re._constants
import time:       378 |       1291 |               re._parser
import time:       157 |        157 |               re._casefix
import time:       317 |       1816 |             re._compiler
import time:       449 |       2265 |           re
import time:       175 |        175 |           quopri
import time:       285 |        285 |           io
import time:        38 |         38 |               _datetime
import time:        99 |        137 |             datetime
import time:        85 |         85 |               urllib
import time:       179 |        179 |               math
import time:       990 |        990 |               ipaddress
import time:      1591 |       2844 |             urllib.parse
import time:       246 |        246 |             email._parseaddr
import time:       466 |       3691 |           email.utils
import time:       378 |        378 |           email.errors
import time:        34 |         34 |                   _string
import time:       295 |        329 |                 string
import time:       276 |        604 |               email.quoprimime
import time:       267 |        267 |                     _struct
import time:       157 |        424 |                   struct
import time:       343 |        766 |                 base64
import time:       162 |        928 |               email.base64mime
import time:       125 |        125 |                 email.encoders
import time:       272 |        396 |               email.charset
import time:       562 |       2488 |             email.header
import time:       317 |       2804 |           email._policybase
import time:       281 |        281 |           email._encoded_words
import time:       108 |        108 |           email.iterators
import time:       671 |      11014 |         email.message
import time:       838 |        838 |               _ast
import time:       368 |       1206 |             ast
import time:       566 |       1771 |           annotationlib
import time:        37 |         37 |               _opcode
import time:       166 |        166 |               _opcode_metadata
import time:       278 |        480 |             opcode
import time:       782 |       1262 |           dis
import time:       124 |        124 |             importlib
import time:        73 |        196 |           importlib.machinery
import time:       129 |        129 |             token
import time:        30 |         30 |             _tokenize
import time:       705 |        863 |           tokenize
import time:       153 |        153 |             _weakrefset
import time:       414 |        567 |           weakref
import time:      2153 |       6809 |         inspect
import time:       200 |        200 |               _json
import time:       327 |        526 |             json.scanner
import time:       462 |        988 |           json.decoder
import time:       362 |        362 |           json.encoder
import time:       459 |       1807 |         json
import time:       110 |        110 |             anyio._core
import time:       356 |        466 |           anyio._core._contextmanagers
import time:       534 |        534 |             threading
import time:       113 |        113 |             contextvars
import time:       587 |        587 |               textwrap
import time:       263 |        849 |             anyio._core._exceptions
import time:        57 |         57 |             sniffio
import time:       224 |       1774 |           anyio._core._eventloop
import time:        49 |         49 |                 _winapi
import time:        44 |         44 |                 nt
import time:        35 |         35 |                 nt
import time:        43 |         43 |                 nt
import time:        35 |         35 |                 nt
import time:        29 |         29 |                 nt
import time:        35 |         35 |                 nt
import time:        44 |         44 |                 nt
import time:       240 |        550 |               ntpath
import time:       304 |        304 |                 fnmatch
import time:       517 |        820 |               glob
import time:        60 |         60 |               pwd
import time:       153 |        153 |               grp
import time:       191 |        191 |                 fcntl
import time:        56 |         56 |                 _winapi
import time:       610 |        856 |               pathlib._os
import time:       688 |       3125 |             pathlib
import time:       162 |        162 |               copy
import time:       672 |        834 |             dataclasses
import time:       451 |        451 |                   signal
import time:       312 |        312 |                     _socket
import time:      1367 |       1679 |                   socket
import time:       442 |       2572 |                 anyio.abc._eventloop
import time:       165 |        165 |                 anyio.abc._resources
import time:       126 |        126 |                   anyio._core._typedattr
import time:       208 |        208 |                     anyio.abc._tasks
import time:       638 |        846 |                   anyio.abc._streams
import time:       582 |       1553 |                 anyio.abc._sockets
import time:       193 |        193 |                 anyio.abc._subprocesses
import time:       163 |        163 |                 anyio.abc._testing
import time:      1097 |       1097 |                   anyio.lowlevel
import time:       381 |        381 |                   anyio._core._tasks
import time:       212 |        212 |                   anyio._core._testing
import time:      3495 |       5183 |                 anyio._core._synchronization
import time:       102 |        102 |                     concurrent
import time:       232 |        232 |                           codeop
import time:      4095 |       4095 |                           _colorize
import time:       824 |       5150 |                         traceback
import time:        49 |         49 |                         atexit
import time:      1563 |       6762 |                       logging
import time:       492 |       7253 |                     concurrent.futures._base
import time:       227 |        227 |                     _interpreters
import time:       206 |       7785 |                   concurrent.futures
import time:       806 |       8591 |                 anyio.from_thread
import time:       309 |      18726 |               anyio.abc
import time:       138 |      18864 |             anyio.to_thread
import time:       813 |      23634 |           anyio._core._fileio
import time:       137 |        137 |           anyio._core._resources
import time:        76 |         76 |           anyio._core._signals
import time:      1198 |       1198 |               _ssl
import time:      2952 |       4150 |             ssl
import time:       129 |        129 |               anyio.streams
import time:       891 |       1020 |             anyio.streams.stapled
import time:       922 |        922 |             anyio.streams.tls
import time:      1189 |       7280 |           anyio._core._sockets
import time:      2330 |       2330 |             anyio.streams.memory
import time:       342 |       2672 |           anyio._core._streams
import time:       219 |        219 |                 _locale
import time:      1082 |       1301 |               locale
import time:       124 |        124 |               msvcrt
import time:       270 |        270 |               _posixsubprocess
import time:       229 |        229 |               select
import time:       767 |        767 |               selectors
import time:      1139 |       3827 |             subprocess
import time:       386 |       4212 |           anyio._core._subprocesses
import time:       298 |        298 |                 zlib
import time:       118 |        118 |                     compression
import time:       192 |        309 |                   compression._common
import time:       268 |        268 |                   compression._common._streams
import time:       289 |        289 |                   _bz2
import time:       335 |       1200 |                 bz2
import time:       329 |        329 |                   _lzma
import time:       342 |        671 |                 lzma
import time:       399 |        399 |                   _zstd
import time:       351 |        351 |                   compression.zstd._zstdfile
import time:      1000 |       1749 |                 compression.zstd
import time:       989 |       4905 |               shutil
import time:       192 |        192 |                   _bisect
import time:       189 |        381 |                 bisect
import time:       164 |        164 |                 _random
import time:       660 |       1203 |               random
import time:       647 |       6754 |             tempfile
import time:       688 |       7441 |           anyio._core._tempfile
import time:       444 |      48132 |         anyio
import time:      1705 |       1705 |                       typing_extensions
import time:      1089 |       1089 |                       pydantic_core._pydantic_core
import time:       466 |        466 |                             numbers
import time:       998 |       1464 |                           _decimal
import time:       213 |       1676 |                         decimal
import time:     13954 |      15629 |                       pydantic_core.core_schema
import time:       901 |      19324 |                     pydantic_core
import time:       240 |      19563 |                   pydantic.version
import time:       417 |      19979 |                 pydantic.warnings
import time:       311 |      20290 |               pydantic._migration
import time:       156 |        156 |                   typing_inspection
import time:      1826 |       1826 |                   typing_inspection.typing_objects
import time:      1303 |       3284 |                 typing_inspection.introspection
import time:       206 |        206 |                 pydantic._internal
import time:       507 |        507 |                     pydantic._internal._namespace_utils
import time:       636 |       1143 |                   pydantic._internal._typing_extra
import time:       443 |       1585 |                 pydantic._internal._repr
import time:       772 |       5845 |               pydantic.errors
import time:       437 |      26571 |             pydantic
import time:        91 |         91 |                 pydantic._internal._internal_dataclass
import time:      1558 |       1648 |               pydantic.aliases
import time:      1878 |       1878 |               pydantic.config
import time:       615 |       4141 |             pydantic._internal._config
import time:       238 |        238 |               pydantic._internal._core_utils
import time:       125 |        125 |                 pydantic._internal._import_utils
import time:      1228 |       1352 |               pydantic._internal._utils
import time:      4766 |       6355 |             pydantic._internal._decorators
import time:       549 |        549 |                 pydantic._internal._forward_ref
import time:       706 |       1254 |               pydantic._internal._generics
import time:       238 |        238 |               pydantic._internal._docs_extraction
import time:       651 |       2143 |             pydantic._internal._fields
import time:       648 |        648 |                 pydantic.plugin
import time:       414 |       1062 |               pydantic.plugin._schema_validator
import time:       751 |       1813 |             pydantic._internal._mock_val_ser
import time:      2190 |       2190 |                 fractions
import time:       304 |        304 |                   _uuid
import time:       769 |       1072 |                 uuid
import time:       494 |        494 |                     sysconfig
import time:      1517 |       2010 |                   zoneinfo._tzpath
import time:       257 |        257 |                   zoneinfo._common
import time:       261 |        261 |                   _zoneinfo
import time:       286 |       2813 |                 zoneinfo
import time:       289 |        289 |                 pydantic.annotated_handlers
import time:      4135 |       4135 |                 pydantic.functional_validators
import time:       262 |        262 |                   pydantic._internal._core_metadata
import time:       205 |        205 |                   pydantic._internal._schema_generation_shared
import time:      1898 |       2365 |                 pydantic.json_schema
import time:       270 |        270 |                 pydantic._internal._discriminated_union
import time:       270 |        270 |                 pydantic._internal._known_annotated_metadata
import time:      2950 |       2950 |                 pydantic._internal._schema_gather
import time:      1835 |      18185 |               pydantic._internal._generate_schema
import time:       235 |        235 |               pydantic._internal._signature
import time:       654 |      19073 |             pydantic._internal._model_construction
import time:       564 |        564 |               http
import time:       200 |        764 |             starlette.exceptions
import time:      8386 |       8386 |               annotated_types
import time:       494 |        494 |               pydantic._internal._validators
import time:      6700 |       6700 |               pydantic.types
import time:      2065 |      17644 |             pydantic.fields
import time:       106 |        106 |                     importlib._abc
import time:       165 |        271 |                   importlib.util
import time:       129 |        129 |                     zipfile._path.glob
import time:       319 |        448 |                   zipfile._path
import time:       822 |       1539 |                 zipfile
import time:       237 |        237 |                 importlib.metadata._meta
import time:       233 |        233 |                 importlib.metadata._collections
import time:       118 |        118 |                 importlib.metadata._functools
import time:        93 |         93 |                 importlib.metadata._itertools
import time:       308 |        308 |                 importlib.abc
import time:       943 |       3468 |               importlib.metadata
import time:       166 |       3634 |             pydantic.plugin._loader
import time:      4464 |      86598 |           fastapi.exceptions
import time:        92 |         92 |             fastapi.openapi
import time:        93 |         93 |                 fastapi.types
import time:       152 |        152 |                   shlex
import time:       118 |        118 |                   starlette.concurrency
import time:       731 |        731 |                   starlette.types
import time:       767 |       1765 |                 starlette.datastructures
import time:       197 |       2055 |               fastapi._compat.shared
import time:        66 |         66 |                 fastapi.openapi.constants
import time:      1152 |       1218 |               fastapi._compat.v2
import time:       142 |       3414 |             fastapi._compat
import time:       114 |        114 |             fastapi.logger
import time:       142 |        142 |               email_validator.exceptions
import time:       123 |        123 |               email_validator.types
import time:       150 |        150 |                 unicodedata
import time:     12663 |      12663 |                   email_validator.rfc_constants
import time:       397 |        397 |                       idna.idnadata
import time:        98 |         98 |                       idna.intranges
import time:       477 |        971 |                     idna.core
import time:        79 |         79 |                     idna.package_data
import time:       149 |       1198 |                   idna
import time:       375 |      14235 |                 email_validator.syntax
import time:       128 |      14512 |               email_validator.validate_email
import time:        91 |         91 |               email_validator.version
import time:       165 |      15031 |             email_validator
import time:        98 |         98 |               importlib.metadata._text
import time:       187 |        285 |             importlib.metadata._adapters
import time:       475 |        475 |               email.feedparser
import time:       172 |        647 |             email.parser
import time:     57508 |      77086 |           fastapi.openapi.models
import time:      1777 |     165459 |         fastapi.params
import time:       240 |        240 |         fastapi.datastructures
import time:       109 |        109 |           fastapi.dependencies
import time:        76 |         76 |                 fastapi.security.base
import time:       815 |        815 |                   http.cookies
import time:       335 |        335 |                   starlette._utils
import time:       149 |        149 |                           python_multipart.exceptions
import time:       170 |        318 |                         python_multipart.decoders
import time:       725 |       1043 |                       python_multipart.multipart
import time:       117 |       1160 |                     python_multipart
import time:       782 |       1942 |                   starlette.formparsers
import time:       369 |       3459 |                 starlette.requests
import time:       221 |       3755 |               fastapi.security.api_key
import time:        76 |         76 |                 fastapi.security.utils
import time:      1046 |       1122 |               fastapi.security.http
import time:       176 |        176 |                 fastapi.param_functions
import time:       279 |        454 |               fastapi.security.oauth2
import time:       134 |        134 |               fastapi.security.open_id_connect_url
import time:       134 |       5597 |             fastapi.security
import time:        28 |       5625 |           fastapi.security.base
import time:      1088 |       6820 |         fastapi.dependencies.models
import time:        98 |         98 |             starlette.background
import time:       108 |        205 |           fastapi.background
import time:        94 |         94 |           fastapi.concurrency
import time:       115 |        115 |           fastapi.utils
import time:       888 |        888 |               _hashlib
import time:       136 |        136 |               _blake2
import time:       181 |       1204 |             hashlib
import time:        45 |         45 |               _winapi
import time:        38 |         38 |               winreg
import time:       294 |        376 |             mimetypes
import time:       134 |        134 |                 _hmac
import time:       167 |        300 |               hmac
import time:       109 |        408 |             secrets
import time:       357 |       2343 |           starlette.responses
import time:       305 |        305 |           starlette.websockets
import time:      1092 |       4152 |         fastapi.dependencies.utils
import time:        92 |         92 |             colorsys
import time:       372 |        463 |           pydantic.color
import time:       200 |        662 |         fastapi.encoders
import time:      1201 |       1201 |         fastapi.sse
import time:        98 |         98 |           starlette._exception_handler
import time:       256 |        256 |           starlette.convertors
import time:       192 |        192 |           starlette.middleware
import time:       693 |       1238 |         starlette.routing
import time:       778 |     248308 |       fastapi.routing
import time:        72 |         72 |         fastapi.websockets
import time:       114 |        185 |       fastapi.exception_handlers
import time:        75 |         75 |         fastapi.middleware
import time:       146 |        221 |       fastapi.middleware.asyncexitstack
import time:       109 |        109 |       fastapi.openapi.docs
import time:       722 |        722 |         http.client
import time:        44 |         44 |           ujson
import time:        38 |         38 |           orjson
import time:       185 |        266 |         fastapi.responses
import time:       250 |       1237 |       fastapi.openapi.utils
import time:       232 |        232 |         starlette.middleware.base
import time:       825 |        825 |             html.entities
import time:       252 |       1077 |           html
import time:       152 |       1228 |         starlette.middleware.errors
import time:       143 |        143 |         starlette.middleware.exceptions
import time:       232 |       1835 |       starlette.applications
import time:       604 |     256313 |     fastapi.applications
import time:        82 |         82 |     fastapi.requests
import time:       236 |     257542 |   fastapi
import time:       119 |        119 |     starlette.middleware.cors
import time:        71 |        190 |   fastapi.middleware.cors
import time:        70 |         70 |     app.api
import time:        64 |         64 |     app.api.routes
import time:       171 |        171 |             sqlalchemy.util.preloaded
import time:        64 |         64 |                 sqlalchemy.cyextension
import time:       296 |        296 |                 sqlalchemy.cyextension.collections
import time:       177 |        177 |                 sqlalchemy.cyextension.immutabledict
import time:       146 |        146 |                 sqlalchemy.cyextension.processors
import time:       133 |        133 |                 sqlalchemy.cyextension.resultproxy
import time:        47 |         47 |                         _wmi
import time:       603 |        649 |                       platform
import time:       704 |       1353 |                     sqlalchemy.util.compat
import time:       812 |       2164 |                   sqlalchemy.exc
import time:       184 |       2348 |                 sqlalchemy.cyextension.util
import time:       214 |       3377 |               sqlalchemy.util._has_cy
import time:       599 |        599 |               sqlalchemy.util.typing
import time:       721 |       4696 |             sqlalchemy.util._collections
import time:       100 |        100 |                     _heapq
import time:       161 |        260 |                   heapq
import time:       188 |        188 |                   asyncio.constants
import time:        99 |         99 |                   asyncio.coroutines
import time:        95 |         95 |                     asyncio.format_helpers
import time:        98 |         98 |                       asyncio.base_futures
import time:       156 |        156 |                       asyncio.exceptions
import time:       104 |        104 |                       asyncio.base_tasks
import time:       225 |        581 |                     _asyncio
import time:       409 |       1084 |                   asyncio.events
import time:       190 |        190 |                   asyncio.futures
import time:       152 |        152 |                   asyncio.protocols
import time:       197 |        197 |                     asyncio.transports
import time:        83 |         83 |                     asyncio.log
import time:       510 |        789 |                   asyncio.sslproto
import time:        86 |         86 |                       asyncio.mixins
import time:       377 |        462 |                     asyncio.locks
import time:       202 |        202 |                       asyncio.queues
import time:       252 |        252 |                       asyncio.timeouts
import time:       388 |        842 |                     asyncio.tasks
import time:       168 |       1470 |                   asyncio.staggered
import time:       119 |        119 |                   asyncio.trsock
import time:       767 |       5113 |                 asyncio.base_events
import time:      1110 |       1110 |                 asyncio.graph
import time:       272 |        272 |                 asyncio.runners
import time:       322 |        322 |                 asyncio.streams
import time:       199 |        199 |                 asyncio.subprocess
import time:       143 |        143 |                 asyncio.taskgroups
import time:        84 |         84 |                 asyncio.threads
import time:       195 |        195 |                   asyncio.base_subprocess
import time:       428 |        428 |                   asyncio.selector_events
import time:       444 |       1066 |                 asyncio.unix_events
import time:       241 |       8545 |               asyncio
import time:       761 |        761 |                 greenlet._greenlet
import time:       144 |        905 |               greenlet
import time:      1365 |       1365 |                 sqlalchemy.util.langhelpers
import time:       290 |       1655 |               sqlalchemy.util._concurrency_py3k
import time:       172 |      11275 |             sqlalchemy.util.concurrency
import time:       232 |        232 |             sqlalchemy.util.deprecations
import time:       294 |      16665 |           sqlalchemy.util
import time:       363 |        363 |                             sqlalchemy.event.registry
import time:       189 |        552 |                           sqlalchemy.event.legacy
import time:       650 |       1202 |                         sqlalchemy.event.attr
import time:       436 |       1637 |                       sqlalchemy.event.base
import time:       156 |       1793 |                     sqlalchemy.event.api
import time:       106 |       1898 |                   sqlalchemy.event
import time:       286 |        286 |                         sqlalchemy.log
import time:      1600 |       1886 |                       sqlalchemy.pool.base
import time:       610 |       2496 |                     sqlalchemy.pool.events
import time:       318 |        318 |                       sqlalchemy.util.queue
import time:       399 |        717 |                     sqlalchemy.pool.impl
import time:       180 |       3391 |                   sqlalchemy.pool
import time:       624 |        624 |                         sqlalchemy.sql.roles
import time:       326 |        326 |                         sqlalchemy.inspection
import time:      1496 |       2445 |                       sqlalchemy.sql._typing
import time:       988 |        988 |                         sqlalchemy.sql.visitors
import time:       880 |        880 |                         sqlalchemy.sql.cache_key
import time:       833 |        833 |                           sqlalchemy.sql.operators
import time:       526 |       1359 |                         sqlalchemy.sql.traversals
import time:      2510 |       5736 |                       sqlalchemy.sql.base
import time:      4917 |       4917 |                         sqlalchemy.sql.coercions
import time:       532 |        532 |                               sqlalchemy.sql.annotation
import time:      1254 |       1254 |                                   sqlalchemy.sql.type_api
import time:      4307 |       5560 |                                 sqlalchemy.sql.elements
import time:       162 |        162 |                                 sqlalchemy.util.topological
import time:      1976 |       7698 |                               sqlalchemy.sql.ddl
import time:       257 |        257 |                                       _compat_pickle
import time:       276 |        276 |                                       _pickle
import time:       649 |       1180 |                                     pickle
import time:       122 |        122 |                                       sqlalchemy.engine._py_processors
import time:       112 |        234 |                                     sqlalchemy.engine.processors
import time:      2354 |       3767 |                                   sqlalchemy.sql.sqltypes
import time:      6663 |      10429 |                                 sqlalchemy.sql.selectable
import time:      3234 |      13662 |                               sqlalchemy.sql.schema
import time:       699 |      22589 |                             sqlalchemy.sql.util
import time:      1828 |      24417 |                           sqlalchemy.sql.dml
import time:       915 |      25332 |                         sqlalchemy.sql.crud
import time:      2658 |       2658 |                         sqlalchemy.sql.functions
import time:      4933 |      37838 |                       sqlalchemy.sql.compiler
import time:        97 |         97 |                         sqlalchemy.sql._dml_constructors
import time:       280 |        280 |                         sqlalchemy.sql._elements_constructors
import time:       302 |        302 |                         sqlalchemy.sql._selectable_constructors
import time:       699 |        699 |                         sqlalchemy.sql.lambdas
import time:       342 |       1719 |                       sqlalchemy.sql.expression
import time:       287 |        287 |                       sqlalchemy.sql.default_comparator
import time:       473 |        473 |                         sqlalchemy.sql.events
import time:       344 |        817 |                       sqlalchemy.sql.naming
import time:      4829 |      53667 |                     sqlalchemy.sql
import time:        23 |      53690 |                   sqlalchemy.sql.compiler
import time:      2079 |      61056 |                 sqlalchemy.engine.interfaces
import time:       248 |        248 |                 sqlalchemy.engine.util
import time:       833 |      62136 |               sqlalchemy.engine.base
import time:      1129 |      63264 |             sqlalchemy.engine.events
import time:       111 |        111 |                 sqlalchemy.dialects
import time:       706 |        816 |               sqlalchemy.engine.url
import time:       165 |        165 |               sqlalchemy.engine.mock
import time:       542 |       1522 |             sqlalchemy.engine.create
import time:       822 |        822 |                 sqlalchemy.engine.row
import time:      1853 |       2675 |               sqlalchemy.engine.result
import time:      3301 |       5975 |             sqlalchemy.engine.cursor
import time:      1462 |       1462 |             sqlalchemy.engine.reflection
import time:       252 |      72473 |           sqlalchemy.engine
import time:       177 |        177 |           sqlalchemy.schema
import time:       140 |        140 |           sqlalchemy.types
import time:       163 |        163 |             sqlalchemy.engine.characteristics
import time:      1076 |       1239 |           sqlalchemy.engine.default
import time:       453 |      91143 |         sqlalchemy
import time:        96 |         96 |                     sqlalchemy.sql._orm_types
import time:       538 |        634 |                   sqlalchemy.orm._typing
import time:      1010 |       1644 |                 sqlalchemy.orm.base
import time:       354 |        354 |                 sqlalchemy.orm.mapped_collection
import time:       940 |       2936 |               sqlalchemy.orm.collections
import time:       582 |        582 |                 sqlalchemy.orm.path_registry
import time:      1245 |       1826 |               sqlalchemy.orm.interfaces
import time:      1629 |       6390 |             sqlalchemy.orm.attributes
import time:      1246 |       7636 |           sqlalchemy.orm.util
import time:       373 |       8008 |         sqlalchemy.orm.exc
import time:       638 |        638 |             sqlalchemy.orm.state
import time:      1245 |       1883 |           sqlalchemy.orm.instrumentation
import time:        92 |         92 |                 sqlalchemy.future.engine
import time:        86 |        177 |               sqlalchemy.future
import time:       962 |       1139 |             sqlalchemy.orm.context
import time:      1124 |       1124 |                 sqlalchemy.orm.strategy_options
import time:       857 |        857 |                 sqlalchemy.orm.descriptor_props
import time:      2450 |       2450 |                 sqlalchemy.orm.relationships
import time:       668 |       5098 |               sqlalchemy.orm.properties
import time:      5497 |       5497 |               sqlalchemy.orm.query
import time:       459 |        459 |               sqlalchemy.orm.unitofwork
import time:      6483 |       6483 |                   sqlalchemy.orm.evaluator
import time:       117 |        117 |                     sqlalchemy.orm.sync
import time:       455 |        572 |                   sqlalchemy.orm.persistence
import time:       636 |       7690 |                 sqlalchemy.orm.bulk_persistence
import time:       257 |        257 |                 sqlalchemy.orm.identity
import time:       318 |        318 |                 sqlalchemy.orm.state_changes
import time:      2280 |      10543 |               sqlalchemy.orm.session
import time:      1298 |      22894 |             sqlalchemy.orm.strategies
import time:       616 |      24648 |           sqlalchemy.orm.loading
import time:      1734 |      28263 |         sqlalchemy.orm.mapper
import time:       756 |        756 |         sqlalchemy.orm._orm_constructors
import time:       386 |        386 |           sqlalchemy.orm.clsregistry
import time:      1098 |       1098 |           sqlalchemy.orm.decl_base
import time:       949 |       2431 |         sqlalchemy.orm.decl_api
import time:       408 |        408 |           sqlalchemy.orm.writeonly
import time:       417 |        825 |         sqlalchemy.orm.dynamic
import time:       382 |        382 |           sqlalchemy.orm.scoping
import time:      2848 |       3230 |         sqlalchemy.orm.events
import time:       355 |        355 |         sqlalchemy.orm.dependency
import time:       474 |     135482 |       sqlalchemy.orm
import time:        86 |         86 |         app.core
import time:       222 |        222 |           jose.exceptions
import time:       112 |        333 |         jose
import time:       720 |        720 |           calendar
import time:        84 |         84 |                             cryptography.__about__
import time:        89 |        173 |                           cryptography
import time:       238 |        411 |                         cryptography.utils
import time:       455 |        866 |                       jose.utils
import time:       129 |        994 |                     jose.backends.base
import time:       146 |        146 |                     jose.constants
import time:       145 |       1285 |                   jose.backends.native
import time:        65 |         65 |                           cryptography.hazmat
import time:       104 |        169 |                         cryptography.hazmat.bindings
import time:       274 |        274 |                         _cffi_backend
import time:      1534 |       1976 |                       cryptography.hazmat.bindings._rust
import time:       164 |       2140 |                     cryptography.exceptions
import time:       108 |        108 |                     cryptography.hazmat.backends
import time:        82 |         82 |                     cryptography.hazmat.primitives
import time:       364 |        364 |                     cryptography.hazmat.primitives.hashes
import time:        83 |         83 |                     cryptography.hazmat.primitives.hmac
import time:       988 |        988 |                       cryptography.hazmat.primitives._serialization
import time:       212 |        212 |                       cryptography.hazmat.primitives.serialization.base
import time:       119 |        119 |                         cryptography.hazmat.primitives.asymmetric
import time:        98 |         98 |                           cryptography.hazmat.primitives.asymmetric.utils
import time:       229 |        326 |                         cryptography.hazmat.primitives.asymmetric.dsa
import time:       396 |        396 |                           cryptography.hazmat._oid
import time:       564 |        959 |                         cryptography.hazmat.primitives.asymmetric.ec
import time:       209 |        209 |                         cryptography.hazmat.primitives.asymmetric.ed25519
import time:        84 |         84 |                           cryptography.hazmat.primitives._asymmetric
import time:       202 |        202 |                           cryptography.hazmat.primitives.asymmetric.rsa
import time:       235 |        521 |                         cryptography.hazmat.primitives.asymmetric.padding
import time:       112 |        112 |                           cryptography.hazmat.primitives._cipheralgorithm
import time:        64 |         64 |                                     cryptography.hazmat.decrepit
import time:       109 |        172 |                                   cryptography.hazmat.decrepit.ciphers
import time:       226 |        398 |                                 cryptography.hazmat.decrepit.ciphers.algorithms
import time:       212 |        609 |                               cryptography.hazmat.primitives.ciphers.algorithms
import time:       363 |        971 |                             cryptography.hazmat.primitives.ciphers.modes
import time:       344 |       1315 |                           cryptography.hazmat.primitives.ciphers.base
import time:       112 |       1538 |                         cryptography.hazmat.primitives.ciphers
import time:       221 |        221 |                           bcrypt._bcrypt
import time:       129 |        349 |                         bcrypt
import time:      1496 |       5514 |                       cryptography.hazmat.primitives.serialization.ssh
import time:      1256 |       7968 |                     cryptography.hazmat.primitives.serialization
import time:        97 |         97 |                     cryptography.hazmat.primitives.ciphers.aead
import time:        67 |         67 |                       cryptography.hazmat.primitives.constant_time
import time:       136 |        202 |                     cryptography.hazmat.primitives.keywrap
import time:       127 |        127 |                     cryptography.hazmat.primitives.padding
import time:       306 |        306 |                       cryptography.x509.certificate_transparency
import time:        81 |         81 |                             cryptography.x509.oid
import time:      6167 |       6248 |                           cryptography.x509.name
import time:       272 |       6519 |                         cryptography.x509.general_name
import time:        93 |       6612 |                       cryptography.x509.verification
import time:       157 |        157 |                         cryptography.hazmat.primitives.asymmetric.ed448
import time:       137 |        137 |                         cryptography.hazmat.primitives.asymmetric.x448
import time:       126 |        126 |                         cryptography.hazmat.primitives.asymmetric.x25519
import time:       153 |        153 |                           cryptography.hazmat.primitives.asymmetric.dh
import time:       115 |        268 |                         cryptography.hazmat.primitives.asymmetric.types
import time:      1466 |       1466 |                         cryptography.x509.extensions
import time:       534 |       2686 |                       cryptography.x509.base
import time:       246 |       9848 |                     cryptography.x509
import time:       429 |      21443 |                   jose.backends.cryptography_backend
import time:        82 |      22809 |                 jose.backends
import time:        16 |      22824 |               jose.backends.base
import time:        85 |      22908 |             jose.jwk
import time:       163 |      23070 |           jose.jws
import time:       174 |      23963 |         jose.jwt
import time:       106 |        106 |           passlib
import time:       299 |        299 |           passlib.exc
import time:       225 |        225 |                   passlib.utils.compat
import time:       243 |        243 |                   stringprep
import time:        49 |         49 |                     gc
import time:       182 |        231 |                   timeit
import time:       148 |        148 |                     passlib.utils.decor
import time:       342 |        489 |                   passlib.utils.binary
import time:        47 |         47 |                   crypt
import time:       437 |       1669 |                 passlib.utils
import time:        18 |       1687 |               passlib.utils.decor
import time:       179 |       1865 |             passlib.ifc
import time:       295 |       2160 |           passlib.registry
import time:       721 |        721 |           passlib.utils.handlers
import time:      1156 |       1156 |           configparser
import time:       630 |       5070 |         passlib.context
import time:       110 |        110 |             pydantic_settings.exceptions
import time:       220 |        220 |                 gettext
import time:       814 |       1034 |               argparse
import time:       166 |        166 |                 pydantic._internal._dataclasses
import time:       223 |        388 |               pydantic.dataclasses
import time:        90 |         90 |                   pydantic_settings.utils
import time:       213 |        213 |                   pydantic_settings.sources.types
import time:       723 |        723 |                   pydantic_settings.sources.utils
import time:       346 |       1370 |                 pydantic_settings.sources.base
import time:       156 |        156 |                       pydantic_settings.sources.providers.env
import time:       151 |        306 |                     pydantic_settings.sources.providers.aws
import time:        73 |         73 |                       pydantic.alias_generators
import time:       210 |        282 |                     pydantic_settings.sources.providers.azure
import time:      1817 |       1817 |                     pydantic_settings.sources.providers.cli
import time:      1152 |       1152 |                           dotenv.parser
import time:       316 |        316 |                           dotenv.variables
import time:       294 |       1760 |                         dotenv.main
import time:       119 |       1878 |                       dotenv
import time:       191 |       2069 |                     pydantic_settings.sources.providers.dotenv
import time:       222 |        222 |                     pydantic_settings.sources.providers.gcp
import time:       135 |        135 |                     pydantic_settings.sources.providers.json
import time:       115 |        115 |                       pydantic_settings.sources.providers.toml
import time:       136 |        251 |                     pydantic_settings.sources.providers.pyproject
import time:       160 |        160 |                     pydantic_settings.sources.providers.secrets
import time:       143 |        143 |                     pydantic_settings.sources.providers.yaml
import time:       198 |       5578 |                   pydantic_settings.sources.providers
import time:        28 |       5606 |                 pydantic_settings.sources.providers.aws
import time:       152 |        152 |                 pydantic_settings.sources.providers.nested_secrets
import time:       152 |       7278 |               pydantic_settings.sources
import time:      1047 |       9746 |             pydantic_settings.main
import time:        93 |         93 |             pydantic_settings.version
import time:       158 |      10105 |           pydantic_settings
import time:       646 |      10751 |         app.core.config
import time:        86 |         86 |           passlib.handlers
import time:        75 |         75 |             passlib.crypto
import time:        50 |         50 |             fastpbkdf2
import time:       364 |        487 |           passlib.crypto.digest
import time:       896 |       1469 |         passlib.handlers.bcrypt
import time:      1540 |      43209 |       app.core.security
import time:        68 |         68 |           app.db
import time:       167 |        167 |                 sqlalchemy.dialects.sqlite.json
import time:      1935 |       2102 |               sqlalchemy.dialects.sqlite.base
import time:       402 |        402 |               sqlalchemy.dialects.sqlite.pysqlite
import time:       104 |        104 |                 sqlalchemy.connectors
import time:       417 |        521 |               sqlalchemy.connectors.asyncio
import time:       409 |       3432 |             sqlalchemy.dialects.sqlite.aiosqlite
import time:       129 |        129 |             sqlalchemy.dialects.sqlite.pysqlcipher
import time:       168 |        168 |               sqlalchemy.dialects._typing
import time:       678 |        846 |             sqlalchemy.dialects.sqlite.dml
import time:       210 |       4615 |           sqlalchemy.dialects.sqlite
import time:       489 |        489 |               _sqlite3
import time:       222 |        711 |             sqlite3.dbapi2
import time:       145 |        855 |           sqlite3
import time:       784 |       6320 |         app.db.session
import time:        94 |         94 |           app.models
import time:       125 |        125 |           app.db.base
import time:      2138 |       2357 |         app.models.user
import time:       165 |       8841 |       app.core.dependencies
import time:        96 |         96 |         app.schemas
import time:      2455 |       2551 |       app.schemas.auth
import time:       946 |        946 |       app.schemas.user
import time:       251 |        251 |               pydantic.v1.typing
import time:      1016 |       1266 |             pydantic.v1.errors
import time:        43 |         43 |                 cython
import time:       101 |        143 |               pydantic.v1.version
import time:       437 |        580 |             pydantic.v1.utils
import time:       248 |       2093 |           pydantic.v1.class_validators
import time:       585 |        585 |           pydantic.v1.config
import time:       330 |        330 |               pydantic.v1.color
import time:      1017 |       1017 |                   pydantic.v1.datetime_parse
import time:       381 |       1398 |                 pydantic.v1.validators
import time:       677 |       2074 |               pydantic.v1.networks
import time:      1169 |       1169 |               pydantic.v1.types
import time:       174 |       3745 |             pydantic.v1.json
import time:       235 |       3980 |           pydantic.v1.error_wrappers
import time:       496 |        496 |           pydantic.v1.fields
import time:       194 |        194 |             pydantic.v1.parse
import time:       439 |        439 |             pydantic.v1.schema
import time:       642 |       1274 |           pydantic.v1.main
import time:       353 |       8778 |         pydantic.v1.dataclasses
import time:       125 |        125 |         pydantic.v1.annotated_types
import time:       197 |        197 |         pydantic.v1.decorator
import time:       519 |        519 |         pydantic.v1.env_settings
import time:       158 |        158 |         pydantic.v1.tools
import time:       256 |      10031 |       pydantic.v1
import time:      2785 |     203841 |     app.api.routes.auth
import time:       581 |        581 |     app.api.routes.users
import time:      1718 |       1718 |       app.models.tutor
import time:      1882 |       1882 |       app.models.topic
import time:      1320 |       1320 |       app.models.booking
import time:      1751 |       1751 |       app.schemas.tutor
import time:      1214 |       1214 |       app.schemas.booking
import time:      2972 |      10855 |     app.api.routes.tutors
import time:       937 |        937 |       app.models.subject
import time:       904 |        904 |       app.schemas.subject
import time:      2181 |       4021 |     app.api.routes.subjects
import time:      1087 |       1087 |       app.models.availability
import time:       776 |        776 |       app.schemas.availability
import time:      3147 |       5009 |     app.api.routes.availability
import time:        73 |         73 |         app.services
import time:       106 |        106 |         app.services.calendar
import time:       189 |        366 |       app.services.booking_service
import time:      3499 |       3865 |     app.api.routes.bookings
import time:     11424 |     239726 |   app.api.router
import time:       238 |        238 |   app.db.init_db
import time:     12627 |     513891 | app.main
